2022-02-21 13:06:36.143 [main] DEBUG io.netty.util.internal.logging.InternalLoggerFactory - Using Log4J2 as the default logging framework
2022-02-21 13:06:36.175 [main] DEBUG io.netty.util.ResourceLeakDetector - -Dio.netty.leakDetection.level: simple
2022-02-21 13:06:36.175 [main] DEBUG io.netty.util.ResourceLeakDetector - -Dio.netty.leakDetection.targetRecords: 4
2022-02-21 13:06:36.175 [main] DEBUG io.netty.util.ResourceLeakDetectorFactory - Loaded default ResourceLeakDetector: io.netty.util.ResourceLeakDetector@29d80d2b
2022-02-21 13:06:36.253 [main] DEBUG io.netty.util.internal.PlatformDependent0 - -Dio.netty.noUnsafe: false
2022-02-21 13:06:36.253 [main] DEBUG io.netty.util.internal.PlatformDependent0 - Java version: 8
2022-02-21 13:06:36.253 [main] DEBUG io.netty.util.internal.PlatformDependent0 - sun.misc.Unsafe.theUnsafe: available
2022-02-21 13:06:36.269 [main] DEBUG io.netty.util.internal.PlatformDependent0 - sun.misc.Unsafe.copyMemory: available
2022-02-21 13:06:36.269 [main] DEBUG io.netty.util.internal.PlatformDependent0 - java.nio.Buffer.address: available
2022-02-21 13:06:36.269 [main] DEBUG io.netty.util.internal.PlatformDependent0 - direct buffer constructor: available
2022-02-21 13:06:36.269 [main] DEBUG io.netty.util.internal.PlatformDependent0 - java.nio.Bits.unaligned: available, true
2022-02-21 13:06:36.269 [main] DEBUG io.netty.util.internal.PlatformDependent0 - jdk.internal.misc.Unsafe.allocateUninitializedArray(int): unavailable prior to Java9
2022-02-21 13:06:36.269 [main] DEBUG io.netty.util.internal.PlatformDependent0 - java.nio.DirectByteBuffer.<init>(long, int): available
2022-02-21 13:06:36.269 [main] DEBUG io.netty.util.internal.PlatformDependent - sun.misc.Unsafe: available
2022-02-21 13:06:36.269 [main] DEBUG io.netty.util.internal.PlatformDependent - -Dio.netty.tmpdir: C:\Users\PRANOT~1\AppData\Local\Temp (java.io.tmpdir)
2022-02-21 13:06:36.269 [main] DEBUG io.netty.util.internal.PlatformDependent - -Dio.netty.bitMode: 64 (sun.arch.data.model)
2022-02-21 13:06:36.284 [main] DEBUG io.netty.util.internal.PlatformDependent - Platform: Windows
2022-02-21 13:06:36.284 [main] DEBUG io.netty.util.internal.PlatformDependent - -Dio.netty.maxDirectMemory: 1404043264 bytes
2022-02-21 13:06:36.284 [main] DEBUG io.netty.util.internal.PlatformDependent - -Dio.netty.uninitializedArrayAllocationThreshold: -1
2022-02-21 13:06:36.284 [main] DEBUG io.netty.util.internal.CleanerJava6 - java.nio.ByteBuffer.cleaner(): available
2022-02-21 13:06:36.284 [main] DEBUG io.netty.util.internal.PlatformDependent - -Dio.netty.noPreferDirect: false
2022-02-21 13:06:36.318 [main] DEBUG io.netty.util.internal.PlatformDependent - org.jctools-core.MpscChunkedArrayQueue: available
2022-02-21 13:06:36.396 [main] DEBUG io.netty.util.internal.InternalThreadLocalMap - -Dio.netty.threadLocalMap.stringBuilder.initialSize: 1024
2022-02-21 13:06:36.396 [main] DEBUG io.netty.util.internal.InternalThreadLocalMap - -Dio.netty.threadLocalMap.stringBuilder.maxSize: 4096
2022-02-21 13:06:37.466 [main] DEBUG io.netty.handler.ssl.JdkSslContext - Default protocols (JDK): [TLSv1.2] 
2022-02-21 13:06:37.466 [main] DEBUG io.netty.handler.ssl.JdkSslContext - Default cipher suites (JDK): [TLS_ECDHE_ECDSA_WITH_AES_256_GCM_SHA384, TLS_ECDHE_ECDSA_WITH_AES_128_GCM_SHA256, TLS_ECDHE_RSA_WITH_AES_128_GCM_SHA256, TLS_ECDHE_RSA_WITH_AES_256_GCM_SHA384, TLS_ECDHE_RSA_WITH_AES_128_CBC_SHA, TLS_ECDHE_RSA_WITH_AES_256_CBC_SHA, TLS_RSA_WITH_AES_128_GCM_SHA256, TLS_RSA_WITH_AES_128_CBC_SHA, TLS_RSA_WITH_AES_256_CBC_SHA, TLS_AES_128_GCM_SHA256, TLS_AES_256_GCM_SHA384]
2022-02-21 13:06:37.618 [main] DEBUG io.netty.channel.MultithreadEventLoopGroup - -Dio.netty.eventLoopThreads: 16
2022-02-21 13:06:37.649 [main] DEBUG io.netty.channel.nio.NioEventLoop - -Dio.netty.noKeySetOptimization: false
2022-02-21 13:06:37.649 [main] DEBUG io.netty.channel.nio.NioEventLoop - -Dio.netty.selectorAutoRebuildThreshold: 512
2022-02-21 13:06:37.691 [main] TRACE io.netty.channel.nio.NioEventLoop - instrumented a special java.util.Set into: sun.nio.ch.WindowsSelectorImpl@530712d
2022-02-21 13:06:37.697 [main] TRACE io.netty.channel.nio.NioEventLoop - instrumented a special java.util.Set into: sun.nio.ch.WindowsSelectorImpl@4ff4357f
2022-02-21 13:06:37.700 [main] TRACE io.netty.channel.nio.NioEventLoop - instrumented a special java.util.Set into: sun.nio.ch.WindowsSelectorImpl@49cb9cb5
2022-02-21 13:06:37.703 [main] TRACE io.netty.channel.nio.NioEventLoop - instrumented a special java.util.Set into: sun.nio.ch.WindowsSelectorImpl@55322aab
2022-02-21 13:06:37.706 [main] TRACE io.netty.channel.nio.NioEventLoop - instrumented a special java.util.Set into: sun.nio.ch.WindowsSelectorImpl@2b4c1d96
2022-02-21 13:06:37.709 [main] TRACE io.netty.channel.nio.NioEventLoop - instrumented a special java.util.Set into: sun.nio.ch.WindowsSelectorImpl@45fd9a4d
2022-02-21 13:06:37.712 [main] TRACE io.netty.channel.nio.NioEventLoop - instrumented a special java.util.Set into: sun.nio.ch.WindowsSelectorImpl@50468873
2022-02-21 13:06:37.715 [main] TRACE io.netty.channel.nio.NioEventLoop - instrumented a special java.util.Set into: sun.nio.ch.WindowsSelectorImpl@146587a2
2022-02-21 13:06:37.718 [main] TRACE io.netty.channel.nio.NioEventLoop - instrumented a special java.util.Set into: sun.nio.ch.WindowsSelectorImpl@5f0e9815
2022-02-21 13:06:37.721 [main] TRACE io.netty.channel.nio.NioEventLoop - instrumented a special java.util.Set into: sun.nio.ch.WindowsSelectorImpl@76884e4b
2022-02-21 13:06:37.725 [main] TRACE io.netty.channel.nio.NioEventLoop - instrumented a special java.util.Set into: sun.nio.ch.WindowsSelectorImpl@126945f9
2022-02-21 13:06:37.729 [main] TRACE io.netty.channel.nio.NioEventLoop - instrumented a special java.util.Set into: sun.nio.ch.WindowsSelectorImpl@2a898881
2022-02-21 13:06:37.732 [main] TRACE io.netty.channel.nio.NioEventLoop - instrumented a special java.util.Set into: sun.nio.ch.WindowsSelectorImpl@16c63f5
2022-02-21 13:06:37.735 [main] TRACE io.netty.channel.nio.NioEventLoop - instrumented a special java.util.Set into: sun.nio.ch.WindowsSelectorImpl@35229f85
2022-02-21 13:06:37.738 [main] TRACE io.netty.channel.nio.NioEventLoop - instrumented a special java.util.Set into: sun.nio.ch.WindowsSelectorImpl@6d3c5255
2022-02-21 13:06:37.741 [main] TRACE io.netty.channel.nio.NioEventLoop - instrumented a special java.util.Set into: sun.nio.ch.WindowsSelectorImpl@b1712f3
2022-02-21 13:06:37.805 [main] DEBUG io.netty.buffer.PooledByteBufAllocator - -Dio.netty.allocator.numHeapArenas: 13
2022-02-21 13:06:37.805 [main] DEBUG io.netty.buffer.PooledByteBufAllocator - -Dio.netty.allocator.numDirectArenas: 13
2022-02-21 13:06:37.805 [main] DEBUG io.netty.buffer.PooledByteBufAllocator - -Dio.netty.allocator.pageSize: 8192
2022-02-21 13:06:37.805 [main] DEBUG io.netty.buffer.PooledByteBufAllocator - -Dio.netty.allocator.maxOrder: 11
2022-02-21 13:06:37.805 [main] DEBUG io.netty.buffer.PooledByteBufAllocator - -Dio.netty.allocator.chunkSize: 16777216
2022-02-21 13:06:37.805 [main] DEBUG io.netty.buffer.PooledByteBufAllocator - -Dio.netty.allocator.smallCacheSize: 256
2022-02-21 13:06:37.805 [main] DEBUG io.netty.buffer.PooledByteBufAllocator - -Dio.netty.allocator.normalCacheSize: 64
2022-02-21 13:06:37.805 [main] DEBUG io.netty.buffer.PooledByteBufAllocator - -Dio.netty.allocator.maxCachedBufferCapacity: 32768
2022-02-21 13:06:37.805 [main] DEBUG io.netty.buffer.PooledByteBufAllocator - -Dio.netty.allocator.cacheTrimInterval: 8192
2022-02-21 13:06:37.805 [main] DEBUG io.netty.buffer.PooledByteBufAllocator - -Dio.netty.allocator.cacheTrimIntervalMillis: 0
2022-02-21 13:06:37.805 [main] DEBUG io.netty.buffer.PooledByteBufAllocator - -Dio.netty.allocator.useCacheForAllThreads: true
2022-02-21 13:06:37.805 [main] DEBUG io.netty.buffer.PooledByteBufAllocator - -Dio.netty.allocator.maxCachedByteBuffersPerChunk: 1023
2022-02-21 13:06:37.852 [main] DEBUG io.netty.buffer.ByteBufUtil - -Dio.netty.allocator.type: pooled
2022-02-21 13:06:37.852 [main] DEBUG io.netty.buffer.ByteBufUtil - -Dio.netty.threadLocalDirectBufferSize: 0
2022-02-21 13:06:37.852 [main] DEBUG io.netty.buffer.ByteBufUtil - -Dio.netty.maxThreadLocalCharBufferSize: 16384
2022-02-21 13:06:39.997 [Forwarding newSession on session null to remote] DEBUG io.netty.channel.DefaultChannelId - -Dio.netty.processId: 27148 (auto-detected)
2022-02-21 13:06:39.997 [Forwarding newSession on session null to remote] DEBUG io.netty.util.NetUtil - -Djava.net.preferIPv4Stack: false
2022-02-21 13:06:39.997 [Forwarding newSession on session null to remote] DEBUG io.netty.util.NetUtil - -Djava.net.preferIPv6Addresses: false
2022-02-21 13:06:40.298 [Forwarding newSession on session null to remote] DEBUG io.netty.util.NetUtilInitializations - Loopback interface: lo (Software Loopback Interface 1, 127.0.0.1)
2022-02-21 13:06:40.298 [Forwarding newSession on session null to remote] DEBUG io.netty.util.NetUtil - Failed to get SOMAXCONN from sysctl and file \proc\sys\net\core\somaxconn. Default: 200
2022-02-21 13:06:40.597 [Forwarding newSession on session null to remote] DEBUG io.netty.channel.DefaultChannelId - -Dio.netty.machineId: e8:6f:38:ff:fe:b4:d3:81 (auto-detected)
2022-02-21 13:06:40.780 [AsyncHttpClient-1-2] DEBUG io.netty.buffer.AbstractByteBuf - -Dio.netty.buffer.checkAccessible: true
2022-02-21 13:06:40.780 [AsyncHttpClient-1-2] DEBUG io.netty.buffer.AbstractByteBuf - -Dio.netty.buffer.checkBounds: true
2022-02-21 13:06:40.780 [AsyncHttpClient-1-2] DEBUG io.netty.util.ResourceLeakDetectorFactory - Loaded default ResourceLeakDetector: io.netty.util.ResourceLeakDetector@10fa58ee
2022-02-21 13:06:40.872 [AsyncHttpClient-1-2] DEBUG io.netty.util.Recycler - -Dio.netty.recycler.maxCapacityPerThread: 4096
2022-02-21 13:06:40.872 [AsyncHttpClient-1-2] DEBUG io.netty.util.Recycler - -Dio.netty.recycler.ratio: 8
2022-02-21 13:06:40.872 [AsyncHttpClient-1-2] DEBUG io.netty.util.Recycler - -Dio.netty.recycler.chunkSize: 32
2022-02-21 13:06:40.872 [AsyncHttpClient-1-2] DEBUG io.netty.util.Recycler - -Dio.netty.recycler.blocking: false
2022-02-21 13:06:42.777 [AsyncHttpClient-1-2] DEBUG io.netty.handler.codec.compression.Brotli - brotli4j not in the classpath; Brotli support will be unavailable.
2022-02-21 13:06:43.335 [main] DEBUG io.netty.util.internal.ThreadLocalRandom - -Dio.netty.initialSeedUniquifier: 0xc63779014ce4e3d7
2022-02-21 13:06:43.501 [main] INFO  pranu.seleniumtest.ValidateNavigateBar - Driver is successfully initialiazed
2022-02-21 13:06:48.654 [main] INFO  pranu.seleniumtest.ValidateNavigateBar - Succesfully navigated to website
2022-02-21 13:06:52.930 [main] INFO  pranu.seleniumtest.ValidateTitle - Driver is Initialiazed
2022-02-21 13:06:58.479 [main] INFO  pranu.seleniumtest.ValidateTitle - Navigated to Home Page
2022-02-21 13:07:03.387 [main] INFO  pranu.seleniumtest.HomePage - Driver is successfully Initialiazed
2022-02-21 13:07:50.096 [main] DEBUG io.netty.util.internal.logging.InternalLoggerFactory - Using Log4J2 as the default logging framework
2022-02-21 13:07:50.127 [main] DEBUG io.netty.util.ResourceLeakDetector - -Dio.netty.leakDetection.level: simple
2022-02-21 13:07:50.127 [main] DEBUG io.netty.util.ResourceLeakDetector - -Dio.netty.leakDetection.targetRecords: 4
2022-02-21 13:07:50.143 [main] DEBUG io.netty.util.ResourceLeakDetectorFactory - Loaded default ResourceLeakDetector: io.netty.util.ResourceLeakDetector@47caedad
2022-02-21 13:07:50.222 [main] DEBUG io.netty.util.internal.PlatformDependent0 - -Dio.netty.noUnsafe: false
2022-02-21 13:07:50.223 [main] DEBUG io.netty.util.internal.PlatformDependent0 - Java version: 8
2022-02-21 13:07:50.227 [main] DEBUG io.netty.util.internal.PlatformDependent0 - sun.misc.Unsafe.theUnsafe: available
2022-02-21 13:07:50.230 [main] DEBUG io.netty.util.internal.PlatformDependent0 - sun.misc.Unsafe.copyMemory: available
2022-02-21 13:07:50.232 [main] DEBUG io.netty.util.internal.PlatformDependent0 - java.nio.Buffer.address: available
2022-02-21 13:07:50.234 [main] DEBUG io.netty.util.internal.PlatformDependent0 - direct buffer constructor: available
2022-02-21 13:07:50.237 [main] DEBUG io.netty.util.internal.PlatformDependent0 - java.nio.Bits.unaligned: available, true
2022-02-21 13:07:50.237 [main] DEBUG io.netty.util.internal.PlatformDependent0 - jdk.internal.misc.Unsafe.allocateUninitializedArray(int): unavailable prior to Java9
2022-02-21 13:07:50.239 [main] DEBUG io.netty.util.internal.PlatformDependent0 - java.nio.DirectByteBuffer.<init>(long, int): available
2022-02-21 13:07:50.239 [main] DEBUG io.netty.util.internal.PlatformDependent - sun.misc.Unsafe: available
2022-02-21 13:07:50.242 [main] DEBUG io.netty.util.internal.PlatformDependent - -Dio.netty.tmpdir: C:\Users\PRANOT~1\AppData\Local\Temp (java.io.tmpdir)
2022-02-21 13:07:50.242 [main] DEBUG io.netty.util.internal.PlatformDependent - -Dio.netty.bitMode: 64 (sun.arch.data.model)
2022-02-21 13:07:50.244 [main] DEBUG io.netty.util.internal.PlatformDependent - Platform: Windows
2022-02-21 13:07:50.246 [main] DEBUG io.netty.util.internal.PlatformDependent - -Dio.netty.maxDirectMemory: 1404043264 bytes
2022-02-21 13:07:50.247 [main] DEBUG io.netty.util.internal.PlatformDependent - -Dio.netty.uninitializedArrayAllocationThreshold: -1
2022-02-21 13:07:50.251 [main] DEBUG io.netty.util.internal.CleanerJava6 - java.nio.ByteBuffer.cleaner(): available
2022-02-21 13:07:50.252 [main] DEBUG io.netty.util.internal.PlatformDependent - -Dio.netty.noPreferDirect: false
2022-02-21 13:07:50.284 [main] DEBUG io.netty.util.internal.PlatformDependent - org.jctools-core.MpscChunkedArrayQueue: available
2022-02-21 13:07:50.350 [main] DEBUG io.netty.util.internal.InternalThreadLocalMap - -Dio.netty.threadLocalMap.stringBuilder.initialSize: 1024
2022-02-21 13:07:50.350 [main] DEBUG io.netty.util.internal.InternalThreadLocalMap - -Dio.netty.threadLocalMap.stringBuilder.maxSize: 4096
2022-02-21 13:07:51.524 [main] DEBUG io.netty.handler.ssl.JdkSslContext - Default protocols (JDK): [TLSv1.2] 
2022-02-21 13:07:51.524 [main] DEBUG io.netty.handler.ssl.JdkSslContext - Default cipher suites (JDK): [TLS_ECDHE_ECDSA_WITH_AES_256_GCM_SHA384, TLS_ECDHE_ECDSA_WITH_AES_128_GCM_SHA256, TLS_ECDHE_RSA_WITH_AES_128_GCM_SHA256, TLS_ECDHE_RSA_WITH_AES_256_GCM_SHA384, TLS_ECDHE_RSA_WITH_AES_128_CBC_SHA, TLS_ECDHE_RSA_WITH_AES_256_CBC_SHA, TLS_RSA_WITH_AES_128_GCM_SHA256, TLS_RSA_WITH_AES_128_CBC_SHA, TLS_RSA_WITH_AES_256_CBC_SHA, TLS_AES_128_GCM_SHA256, TLS_AES_256_GCM_SHA384]
2022-02-21 13:07:51.633 [main] DEBUG io.netty.channel.MultithreadEventLoopGroup - -Dio.netty.eventLoopThreads: 16
2022-02-21 13:07:51.680 [main] DEBUG io.netty.channel.nio.NioEventLoop - -Dio.netty.noKeySetOptimization: false
2022-02-21 13:07:51.680 [main] DEBUG io.netty.channel.nio.NioEventLoop - -Dio.netty.selectorAutoRebuildThreshold: 512
2022-02-21 13:07:51.718 [main] TRACE io.netty.channel.nio.NioEventLoop - instrumented a special java.util.Set into: sun.nio.ch.WindowsSelectorImpl@2b4c1d96
2022-02-21 13:07:51.718 [main] TRACE io.netty.channel.nio.NioEventLoop - instrumented a special java.util.Set into: sun.nio.ch.WindowsSelectorImpl@146587a2
2022-02-21 13:07:51.718 [main] TRACE io.netty.channel.nio.NioEventLoop - instrumented a special java.util.Set into: sun.nio.ch.WindowsSelectorImpl@5f0e9815
2022-02-21 13:07:51.718 [main] TRACE io.netty.channel.nio.NioEventLoop - instrumented a special java.util.Set into: sun.nio.ch.WindowsSelectorImpl@76884e4b
2022-02-21 13:07:51.718 [main] TRACE io.netty.channel.nio.NioEventLoop - instrumented a special java.util.Set into: sun.nio.ch.WindowsSelectorImpl@126945f9
2022-02-21 13:07:51.734 [main] TRACE io.netty.channel.nio.NioEventLoop - instrumented a special java.util.Set into: sun.nio.ch.WindowsSelectorImpl@2a898881
2022-02-21 13:07:51.734 [main] TRACE io.netty.channel.nio.NioEventLoop - instrumented a special java.util.Set into: sun.nio.ch.WindowsSelectorImpl@16c63f5
2022-02-21 13:07:51.734 [main] TRACE io.netty.channel.nio.NioEventLoop - instrumented a special java.util.Set into: sun.nio.ch.WindowsSelectorImpl@35229f85
2022-02-21 13:07:51.734 [main] TRACE io.netty.channel.nio.NioEventLoop - instrumented a special java.util.Set into: sun.nio.ch.WindowsSelectorImpl@6d3c5255
2022-02-21 13:07:51.734 [main] TRACE io.netty.channel.nio.NioEventLoop - instrumented a special java.util.Set into: sun.nio.ch.WindowsSelectorImpl@b1712f3
2022-02-21 13:07:51.749 [main] TRACE io.netty.channel.nio.NioEventLoop - instrumented a special java.util.Set into: sun.nio.ch.WindowsSelectorImpl@6986bbaf
2022-02-21 13:07:51.749 [main] TRACE io.netty.channel.nio.NioEventLoop - instrumented a special java.util.Set into: sun.nio.ch.WindowsSelectorImpl@4879dfad
2022-02-21 13:07:51.749 [main] TRACE io.netty.channel.nio.NioEventLoop - instrumented a special java.util.Set into: sun.nio.ch.WindowsSelectorImpl@4758820d
2022-02-21 13:07:51.749 [main] TRACE io.netty.channel.nio.NioEventLoop - instrumented a special java.util.Set into: sun.nio.ch.WindowsSelectorImpl@74eb909f
2022-02-21 13:07:51.749 [main] TRACE io.netty.channel.nio.NioEventLoop - instrumented a special java.util.Set into: sun.nio.ch.WindowsSelectorImpl@28ec166e
2022-02-21 13:07:51.765 [main] TRACE io.netty.channel.nio.NioEventLoop - instrumented a special java.util.Set into: sun.nio.ch.WindowsSelectorImpl@2eee3069
2022-02-21 13:07:51.851 [main] DEBUG io.netty.buffer.PooledByteBufAllocator - -Dio.netty.allocator.numHeapArenas: 13
2022-02-21 13:07:51.851 [main] DEBUG io.netty.buffer.PooledByteBufAllocator - -Dio.netty.allocator.numDirectArenas: 13
2022-02-21 13:07:51.852 [main] DEBUG io.netty.buffer.PooledByteBufAllocator - -Dio.netty.allocator.pageSize: 8192
2022-02-21 13:07:51.852 [main] DEBUG io.netty.buffer.PooledByteBufAllocator - -Dio.netty.allocator.maxOrder: 11
2022-02-21 13:07:51.852 [main] DEBUG io.netty.buffer.PooledByteBufAllocator - -Dio.netty.allocator.chunkSize: 16777216
2022-02-21 13:07:51.853 [main] DEBUG io.netty.buffer.PooledByteBufAllocator - -Dio.netty.allocator.smallCacheSize: 256
2022-02-21 13:07:51.853 [main] DEBUG io.netty.buffer.PooledByteBufAllocator - -Dio.netty.allocator.normalCacheSize: 64
2022-02-21 13:07:51.854 [main] DEBUG io.netty.buffer.PooledByteBufAllocator - -Dio.netty.allocator.maxCachedBufferCapacity: 32768
2022-02-21 13:07:51.854 [main] DEBUG io.netty.buffer.PooledByteBufAllocator - -Dio.netty.allocator.cacheTrimInterval: 8192
2022-02-21 13:07:51.855 [main] DEBUG io.netty.buffer.PooledByteBufAllocator - -Dio.netty.allocator.cacheTrimIntervalMillis: 0
2022-02-21 13:07:51.855 [main] DEBUG io.netty.buffer.PooledByteBufAllocator - -Dio.netty.allocator.useCacheForAllThreads: true
2022-02-21 13:07:51.856 [main] DEBUG io.netty.buffer.PooledByteBufAllocator - -Dio.netty.allocator.maxCachedByteBuffersPerChunk: 1023
2022-02-21 13:07:51.900 [main] DEBUG io.netty.buffer.ByteBufUtil - -Dio.netty.allocator.type: pooled
2022-02-21 13:07:51.901 [main] DEBUG io.netty.buffer.ByteBufUtil - -Dio.netty.threadLocalDirectBufferSize: 0
2022-02-21 13:07:51.901 [main] DEBUG io.netty.buffer.ByteBufUtil - -Dio.netty.maxThreadLocalCharBufferSize: 16384
2022-02-21 13:07:54.174 [Forwarding newSession on session null to remote] DEBUG io.netty.channel.DefaultChannelId - -Dio.netty.processId: 836 (auto-detected)
2022-02-21 13:07:54.174 [Forwarding newSession on session null to remote] DEBUG io.netty.util.NetUtil - -Djava.net.preferIPv4Stack: false
2022-02-21 13:07:54.174 [Forwarding newSession on session null to remote] DEBUG io.netty.util.NetUtil - -Djava.net.preferIPv6Addresses: false
2022-02-21 13:07:54.502 [Forwarding newSession on session null to remote] DEBUG io.netty.util.NetUtilInitializations - Loopback interface: lo (Software Loopback Interface 1, 127.0.0.1)
2022-02-21 13:07:54.502 [Forwarding newSession on session null to remote] DEBUG io.netty.util.NetUtil - Failed to get SOMAXCONN from sysctl and file \proc\sys\net\core\somaxconn. Default: 200
2022-02-21 13:07:54.780 [Forwarding newSession on session null to remote] DEBUG io.netty.channel.DefaultChannelId - -Dio.netty.machineId: e8:6f:38:ff:fe:b4:d3:81 (auto-detected)
2022-02-21 13:07:54.973 [AsyncHttpClient-1-2] DEBUG io.netty.buffer.AbstractByteBuf - -Dio.netty.buffer.checkAccessible: true
2022-02-21 13:07:54.973 [AsyncHttpClient-1-2] DEBUG io.netty.buffer.AbstractByteBuf - -Dio.netty.buffer.checkBounds: true
2022-02-21 13:07:54.973 [AsyncHttpClient-1-2] DEBUG io.netty.util.ResourceLeakDetectorFactory - Loaded default ResourceLeakDetector: io.netty.util.ResourceLeakDetector@63604f93
2022-02-21 13:07:55.082 [AsyncHttpClient-1-2] DEBUG io.netty.util.Recycler - -Dio.netty.recycler.maxCapacityPerThread: 4096
2022-02-21 13:07:55.082 [AsyncHttpClient-1-2] DEBUG io.netty.util.Recycler - -Dio.netty.recycler.ratio: 8
2022-02-21 13:07:55.082 [AsyncHttpClient-1-2] DEBUG io.netty.util.Recycler - -Dio.netty.recycler.chunkSize: 32
2022-02-21 13:07:55.082 [AsyncHttpClient-1-2] DEBUG io.netty.util.Recycler - -Dio.netty.recycler.blocking: false
2022-02-21 13:07:56.974 [AsyncHttpClient-1-2] DEBUG io.netty.handler.codec.compression.Brotli - brotli4j not in the classpath; Brotli support will be unavailable.
2022-02-21 13:07:57.561 [main] DEBUG io.netty.util.internal.ThreadLocalRandom - -Dio.netty.initialSeedUniquifier: 0xef31641268d3fb45
2022-02-21 13:07:57.745 [main] INFO  pranu.seleniumtest.ValidateNavigateBar - Driver is successfully initialiazed
2022-02-21 13:08:02.711 [main] INFO  pranu.seleniumtest.ValidateNavigateBar - Succesfully navigated to website
2022-02-21 13:08:05.848 [main] INFO  pranu.seleniumtest.ValidateTitle - Driver is Initialiazed
2022-02-21 13:08:10.947 [main] INFO  pranu.seleniumtest.ValidateTitle - Navigated to Home Page
2022-02-21 13:08:15.214 [main] INFO  pranu.seleniumtest.HomePage - Driver is successfully Initialiazed
2022-02-21 13:08:20.332 [main] INFO  pranu.seleniumtest.HomePage - Url is successfully fetched from properties file
2022-02-21 13:08:25.413 [main] ERROR pranu.seleniumtest.HomePage - Invalid username or password
2022-02-21 13:08:29.964 [main] INFO  pranu.seleniumtest.HomePage - Driver is successfully Initialiazed
2022-02-21 13:08:34.395 [main] INFO  pranu.seleniumtest.HomePage - Url is successfully fetched from properties file
2022-02-21 13:08:36.692 [main] ERROR pranu.seleniumtest.HomePage - Invalid username or password
2022-02-21 13:08:40.030 [main] INFO  pranu.seleniumtest.HomePage - Driver is successfully Initialiazed
2022-02-21 13:08:44.556 [main] INFO  pranu.seleniumtest.HomePage - Url is successfully fetched from properties file
2022-02-21 13:08:46.915 [main] ERROR pranu.seleniumtest.HomePage - Invalid username or password
2022-02-21 13:08:48.259 [main] INFO  pranu.seleniumtest.ValidateNavigateBar - Navigation Bar is displayed on Home Page
2022-02-21 13:08:48.343 [main] INFO  pranu.seleniumtest.ValidateTitle - Text is successfully validated
